<?xml version="1.0" encoding="UTF-8"?>
<!-- Generated by org.testng.reporters.JUnitXMLReporter -->
<testsuite hostname="Preetys-MacBook-Pro.local" failures="0" tests="7" name="Command line test" time="0.012" errors="0" timestamp="11 Mar 2020 07:58:31 GMT">
  <testcase classname="PowerCalculatorTest" name="testPowerIfAandBareMax" time="0.004"/>
  <testcase classname="PowerCalculatorTest" name="testPowerIfAandBarePositive" time="0.0"/>
  <testcase classname="PowerCalculatorTest" name="testPowerIfAisNegative" time="0.0"/>
  <testcase classname="PowerCalculatorTest" name="testPowerIfAisZero" time="0.0"/>
  <testcase classname="PowerCalculatorTest" name="testPowerIfBisNegative" time="0.0"/>
  <testcase classname="PowerCalculatorTest" name="testPowerIfBisZero" time="0.0"/>
  <testcase classname="PowerCalculatorTest" name="testSum" time="0.0"/>
</testsuite> <!-- Command line test -->
