<?xml version="1.0" encoding="UTF-8"?>
<testng-results total="7" passed="7" failed="0" skipped="0">
  <reporter-output>
  </reporter-output>
  <suite started-at="2020-03-11T07:58:26Z" name="PowerCalculatorTest" finished-at="2020-03-11T07:58:26Z" duration-ms="12">
    <groups>
    </groups>
    <test started-at="2020-03-11T07:58:26Z" name="Command line test" finished-at="2020-03-11T07:58:26Z" duration-ms="12">
      <class name="PowerCalculatorTest">
        <test-method signature="testPowerIfAandBareMax()[pri:0, instance:PowerCalculatorTest@1efed156]" started-at="2020-03-11T13:28:26Z" name="testPowerIfAandBareMax" finished-at="2020-03-11T13:28:26Z" duration-ms="4" status="PASS">
          <reporter-output>
          </reporter-output>
        </test-method> <!-- testPowerIfAandBareMax -->
        <test-method signature="testPowerIfAandBarePositive()[pri:0, instance:PowerCalculatorTest@1efed156]" started-at="2020-03-11T13:28:26Z" name="testPowerIfAandBarePositive" finished-at="2020-03-11T13:28:26Z" duration-ms="0" status="PASS">
          <reporter-output>
          </reporter-output>
        </test-method> <!-- testPowerIfAandBarePositive -->
        <test-method signature="testPowerIfAisZero()[pri:0, instance:PowerCalculatorTest@1efed156]" started-at="2020-03-11T13:28:26Z" name="testPowerIfAisZero" finished-at="2020-03-11T13:28:26Z" duration-ms="0" status="PASS">
          <reporter-output>
          </reporter-output>
        </test-method> <!-- testPowerIfAisZero -->
        <test-method signature="testPowerIfBisZero()[pri:0, instance:PowerCalculatorTest@1efed156]" started-at="2020-03-11T13:28:26Z" name="testPowerIfBisZero" finished-at="2020-03-11T13:28:26Z" duration-ms="0" status="PASS">
          <reporter-output>
          </reporter-output>
        </test-method> <!-- testPowerIfBisZero -->
        <test-method signature="testPowerIfBisNegative()[pri:0, instance:PowerCalculatorTest@1efed156]" started-at="2020-03-11T13:28:26Z" name="testPowerIfBisNegative" finished-at="2020-03-11T13:28:26Z" duration-ms="0" status="PASS">
          <reporter-output>
          </reporter-output>
        </test-method> <!-- testPowerIfBisNegative -->
        <test-method signature="testPowerIfAisNegative()[pri:0, instance:PowerCalculatorTest@1efed156]" started-at="2020-03-11T13:28:26Z" name="testPowerIfAisNegative" finished-at="2020-03-11T13:28:26Z" duration-ms="0" status="PASS">
          <reporter-output>
          </reporter-output>
        </test-method> <!-- testPowerIfAisNegative -->
        <test-method signature="testSum()[pri:0, instance:PowerCalculatorTest@1efed156]" started-at="2020-03-11T13:28:26Z" name="testSum" finished-at="2020-03-11T13:28:26Z" duration-ms="0" status="PASS">
          <reporter-output>
          </reporter-output>
        </test-method> <!-- testSum -->
      </class> <!-- PowerCalculatorTest -->
    </test> <!-- Command line test -->
  </suite> <!-- PowerCalculatorTest -->
</testng-results>
